<?xml version="1.0" encoding="UTF-8"?>
<testsuite xmlns:xsi="http://www.w3.org/2001/XMLSchema-instance" xsi:noNamespaceSchemaLocation="https://maven.apache.org/surefire/maven-surefire-plugin/xsd/surefire-test-report.xsd" version="3.0.2" name="com.zeta_horizon.investment_portfolio_tracker.service.implementation.InvestmentProductServiceImplTest" time="0.207" tests="16" errors="0" skipped="0" failures="0">
  <properties>
    <property name="java.specification.version" value="17"/>
    <property name="sun.cpu.isalist" value="amd64"/>
    <property name="sun.jnu.encoding" value="Cp1252"/>
    <property name="java.class.path" value="A:\ABHIYB\investment-portfolio-tracker\backend\investment-portfolio-tracker\target\test-classes;A:\ABHIYB\investment-portfolio-tracker\backend\investment-portfolio-tracker\target\classes;C:\Users\asus\.m2\repository\org\springframework\boot\spring-boot-starter-data-jpa\3.4.5\spring-boot-starter-data-jpa-3.4.5.jar;C:\Users\asus\.m2\repository\org\springframework\boot\spring-boot-starter\3.4.5\spring-boot-starter-3.4.5.jar;C:\Users\asus\.m2\repository\org\springframework\boot\spring-boot\3.4.5\spring-boot-3.4.5.jar;C:\Users\asus\.m2\repository\org\springframework\boot\spring-boot-autoconfigure\3.4.5\spring-boot-autoconfigure-3.4.5.jar;C:\Users\asus\.m2\repository\org\springframework\boot\spring-boot-starter-logging\3.4.5\spring-boot-starter-logging-3.4.5.jar;C:\Users\asus\.m2\repository\ch\qos\logback\logback-classic\1.5.18\logback-classic-1.5.18.jar;C:\Users\asus\.m2\repository\ch\qos\logback\logback-core\1.5.18\logback-core-1.5.18.jar;C:\Users\asus\.m2\repository\org\apache\logging\log4j\log4j-to-slf4j\2.24.3\log4j-to-slf4j-2.24.3.jar;C:\Users\asus\.m2\repository\org\apache\logging\log4j\log4j-api\2.24.3\log4j-api-2.24.3.jar;C:\Users\asus\.m2\repository\org\slf4j\jul-to-slf4j\2.0.17\jul-to-slf4j-2.0.17.jar;C:\Users\asus\.m2\repository\jakarta\annotation\jakarta.annotation-api\2.1.1\jakarta.annotation-api-2.1.1.jar;C:\Users\asus\.m2\repository\org\yaml\snakeyaml\2.3\snakeyaml-2.3.jar;C:\Users\asus\.m2\repository\org\springframework\boot\spring-boot-starter-jdbc\3.4.5\spring-boot-starter-jdbc-3.4.5.jar;C:\Users\asus\.m2\repository\com\zaxxer\HikariCP\5.1.0\HikariCP-5.1.0.jar;C:\Users\asus\.m2\repository\org\springframework\spring-jdbc\6.2.6\spring-jdbc-6.2.6.jar;C:\Users\asus\.m2\repository\org\hibernate\orm\hibernate-core\6.6.13.Final\hibernate-core-6.6.13.Final.jar;C:\Users\asus\.m2\repository\jakarta\persistence\jakarta.persistence-api\3.1.0\jakarta.persistence-api-3.1.0.jar;C:\Users\asus\.m2\repository\jakarta\transaction\jakarta.transaction-api\2.0.1\jakarta.transaction-api-2.0.1.jar;C:\Users\asus\.m2\repository\org\jboss\logging\jboss-logging\3.6.1.Final\jboss-logging-3.6.1.Final.jar;C:\Users\asus\.m2\repository\org\hibernate\common\hibernate-commons-annotations\7.0.3.Final\hibernate-commons-annotations-7.0.3.Final.jar;C:\Users\asus\.m2\repository\io\smallrye\jandex\3.2.0\jandex-3.2.0.jar;C:\Users\asus\.m2\repository\com\fasterxml\classmate\1.7.0\classmate-1.7.0.jar;C:\Users\asus\.m2\repository\net\bytebuddy\byte-buddy\1.15.11\byte-buddy-1.15.11.jar;C:\Users\asus\.m2\repository\org\glassfish\jaxb\jaxb-runtime\4.0.5\jaxb-runtime-4.0.5.jar;C:\Users\asus\.m2\repository\org\glassfish\jaxb\jaxb-core\4.0.5\jaxb-core-4.0.5.jar;C:\Users\asus\.m2\repository\org\eclipse\angus\angus-activation\2.0.2\angus-activation-2.0.2.jar;C:\Users\asus\.m2\repository\org\glassfish\jaxb\txw2\4.0.5\txw2-4.0.5.jar;C:\Users\asus\.m2\repository\com\sun\istack\istack-commons-runtime\4.1.2\istack-commons-runtime-4.1.2.jar;C:\Users\asus\.m2\repository\jakarta\inject\jakarta.inject-api\2.0.1\jakarta.inject-api-2.0.1.jar;C:\Users\asus\.m2\repository\org\antlr\antlr4-runtime\4.13.0\antlr4-runtime-4.13.0.jar;C:\Users\asus\.m2\repository\org\springframework\data\spring-data-jpa\3.4.5\spring-data-jpa-3.4.5.jar;C:\Users\asus\.m2\repository\org\springframework\data\spring-data-commons\3.4.5\spring-data-commons-3.4.5.jar;C:\Users\asus\.m2\repository\org\springframework\spring-orm\6.2.6\spring-orm-6.2.6.jar;C:\Users\asus\.m2\repository\org\springframework\spring-context\6.2.6\spring-context-6.2.6.jar;C:\Users\asus\.m2\repository\org\springframework\spring-tx\6.2.6\spring-tx-6.2.6.jar;C:\Users\asus\.m2\repository\org\springframework\spring-beans\6.2.6\spring-beans-6.2.6.jar;C:\Users\asus\.m2\repository\org\slf4j\slf4j-api\2.0.17\slf4j-api-2.0.17.jar;C:\Users\asus\.m2\repository\org\springframework\spring-aspects\6.2.6\spring-aspects-6.2.6.jar;C:\Users\asus\.m2\repository\org\aspectj\aspectjweaver\1.9.24\aspectjweaver-1.9.24.jar;C:\Users\asus\.m2\repository\org\springframework\boot\spring-boot-starter-web\3.4.5\spring-boot-starter-web-3.4.5.jar;C:\Users\asus\.m2\repository\org\springframework\boot\spring-boot-starter-json\3.4.5\spring-boot-starter-json-3.4.5.jar;C:\Users\asus\.m2\repository\com\fasterxml\jackson\datatype\jackson-datatype-jdk8\2.18.3\jackson-datatype-jdk8-2.18.3.jar;C:\Users\asus\.m2\repository\com\fasterxml\jackson\datatype\jackson-datatype-jsr310\2.18.3\jackson-datatype-jsr310-2.18.3.jar;C:\Users\asus\.m2\repository\com\fasterxml\jackson\module\jackson-module-parameter-names\2.18.3\jackson-module-parameter-names-2.18.3.jar;C:\Users\asus\.m2\repository\org\springframework\boot\spring-boot-starter-tomcat\3.4.5\spring-boot-starter-tomcat-3.4.5.jar;C:\Users\asus\.m2\repository\org\apache\tomcat\embed\tomcat-embed-core\10.1.40\tomcat-embed-core-10.1.40.jar;C:\Users\asus\.m2\repository\org\apache\tomcat\embed\tomcat-embed-websocket\10.1.40\tomcat-embed-websocket-10.1.40.jar;C:\Users\asus\.m2\repository\org\springframework\spring-web\6.2.6\spring-web-6.2.6.jar;C:\Users\asus\.m2\repository\io\micrometer\micrometer-observation\1.14.6\micrometer-observation-1.14.6.jar;C:\Users\asus\.m2\repository\io\micrometer\micrometer-commons\1.14.6\micrometer-commons-1.14.6.jar;C:\Users\asus\.m2\repository\org\springframework\spring-webmvc\6.2.6\spring-webmvc-6.2.6.jar;C:\Users\asus\.m2\repository\org\springframework\spring-expression\6.2.6\spring-expression-6.2.6.jar;C:\Users\asus\.m2\repository\org\springframework\boot\spring-boot-starter-validation\3.4.5\spring-boot-starter-validation-3.4.5.jar;C:\Users\asus\.m2\repository\org\apache\tomcat\embed\tomcat-embed-el\10.1.40\tomcat-embed-el-10.1.40.jar;C:\Users\asus\.m2\repository\org\hibernate\validator\hibernate-validator\8.0.2.Final\hibernate-validator-8.0.2.Final.jar;C:\Users\asus\.m2\repository\com\mysql\mysql-connector-j\9.1.0\mysql-connector-j-9.1.0.jar;C:\Users\asus\.m2\repository\org\projectlombok\lombok\1.18.38\lombok-1.18.38.jar;C:\Users\asus\.m2\repository\org\springframework\boot\spring-boot-starter-test\3.4.5\spring-boot-starter-test-3.4.5.jar;C:\Users\asus\.m2\repository\org\springframework\boot\spring-boot-test\3.4.5\spring-boot-test-3.4.5.jar;C:\Users\asus\.m2\repository\org\springframework\boot\spring-boot-test-autoconfigure\3.4.5\spring-boot-test-autoconfigure-3.4.5.jar;C:\Users\asus\.m2\repository\com\jayway\jsonpath\json-path\2.9.0\json-path-2.9.0.jar;C:\Users\asus\.m2\repository\jakarta\xml\bind\jakarta.xml.bind-api\4.0.2\jakarta.xml.bind-api-4.0.2.jar;C:\Users\asus\.m2\repository\jakarta\activation\jakarta.activation-api\2.1.3\jakarta.activation-api-2.1.3.jar;C:\Users\asus\.m2\repository\net\minidev\json-smart\2.5.2\json-smart-2.5.2.jar;C:\Users\asus\.m2\repository\net\minidev\accessors-smart\2.5.2\accessors-smart-2.5.2.jar;C:\Users\asus\.m2\repository\org\ow2\asm\asm\9.7.1\asm-9.7.1.jar;C:\Users\asus\.m2\repository\org\assertj\assertj-core\3.26.3\assertj-core-3.26.3.jar;C:\Users\asus\.m2\repository\org\awaitility\awaitility\4.2.2\awaitility-4.2.2.jar;C:\Users\asus\.m2\repository\org\hamcrest\hamcrest\2.2\hamcrest-2.2.jar;C:\Users\asus\.m2\repository\org\junit\jupiter\junit-jupiter\5.11.4\junit-jupiter-5.11.4.jar;C:\Users\asus\.m2\repository\org\junit\jupiter\junit-jupiter-params\5.11.4\junit-jupiter-params-5.11.4.jar;C:\Users\asus\.m2\repository\org\junit\jupiter\junit-jupiter-engine\5.11.4\junit-jupiter-engine-5.11.4.jar;C:\Users\asus\.m2\repository\org\junit\platform\junit-platform-engine\1.11.4\junit-platform-engine-1.11.4.jar;C:\Users\asus\.m2\repository\org\mockito\mockito-core\5.14.2\mockito-core-5.14.2.jar;C:\Users\asus\.m2\repository\net\bytebuddy\byte-buddy-agent\1.15.11\byte-buddy-agent-1.15.11.jar;C:\Users\asus\.m2\repository\org\objenesis\objenesis\3.3\objenesis-3.3.jar;C:\Users\asus\.m2\repository\org\mockito\mockito-junit-jupiter\5.14.2\mockito-junit-jupiter-5.14.2.jar;C:\Users\asus\.m2\repository\org\skyscreamer\jsonassert\1.5.3\jsonassert-1.5.3.jar;C:\Users\asus\.m2\repository\com\vaadin\external\google\android-json\0.0.20131108.vaadin1\android-json-0.0.20131108.vaadin1.jar;C:\Users\asus\.m2\repository\org\springframework\spring-core\6.2.6\spring-core-6.2.6.jar;C:\Users\asus\.m2\repository\org\springframework\spring-jcl\6.2.6\spring-jcl-6.2.6.jar;C:\Users\asus\.m2\repository\org\springframework\spring-test\6.2.6\spring-test-6.2.6.jar;C:\Users\asus\.m2\repository\org\xmlunit\xmlunit-core\2.10.0\xmlunit-core-2.10.0.jar;C:\Users\asus\.m2\repository\org\springframework\security\spring-security-test\6.4.5\spring-security-test-6.4.5.jar;C:\Users\asus\.m2\repository\org\springframework\security\spring-security-core\6.4.5\spring-security-core-6.4.5.jar;C:\Users\asus\.m2\repository\org\springframework\security\spring-security-crypto\6.4.5\spring-security-crypto-6.4.5.jar;C:\Users\asus\.m2\repository\org\springframework\security\spring-security-web\6.4.5\spring-security-web-6.4.5.jar;C:\Users\asus\.m2\repository\com\fasterxml\jackson\core\jackson-databind\2.18.3\jackson-databind-2.18.3.jar;C:\Users\asus\.m2\repository\com\fasterxml\jackson\core\jackson-annotations\2.18.3\jackson-annotations-2.18.3.jar;C:\Users\asus\.m2\repository\com\fasterxml\jackson\core\jackson-core\2.18.3\jackson-core-2.18.3.jar;C:\Users\asus\.m2\repository\org\junit\jupiter\junit-jupiter-api\5.11.4\junit-jupiter-api-5.11.4.jar;C:\Users\asus\.m2\repository\org\opentest4j\opentest4j\1.3.0\opentest4j-1.3.0.jar;C:\Users\asus\.m2\repository\org\junit\platform\junit-platform-commons\1.11.4\junit-platform-commons-1.11.4.jar;C:\Users\asus\.m2\repository\org\apiguardian\apiguardian-api\1.1.2\apiguardian-api-1.1.2.jar;C:\Users\asus\.m2\repository\org\springframework\boot\spring-boot-starter-security\3.4.5\spring-boot-starter-security-3.4.5.jar;C:\Users\asus\.m2\repository\org\springframework\spring-aop\6.2.6\spring-aop-6.2.6.jar;C:\Users\asus\.m2\repository\org\springframework\security\spring-security-config\6.4.5\spring-security-config-6.4.5.jar;C:\Users\asus\.m2\repository\org\modelmapper\modelmapper\3.1.1\modelmapper-3.1.1.jar;C:\Users\asus\.m2\repository\io\jsonwebtoken\jjwt-api\0.12.6\jjwt-api-0.12.6.jar;C:\Users\asus\.m2\repository\io\jsonwebtoken\jjwt-impl\0.12.6\jjwt-impl-0.12.6.jar;C:\Users\asus\.m2\repository\io\jsonwebtoken\jjwt-jackson\0.12.6\jjwt-jackson-0.12.6.jar;C:\Users\asus\.m2\repository\jakarta\validation\jakarta.validation-api\3.0.2\jakarta.validation-api-3.0.2.jar;C:\Users\asus\.m2\repository\com\h2database\h2\2.3.232\h2-2.3.232.jar;"/>
    <property name="java.vm.vendor" value="Eclipse Adoptium"/>
    <property name="sun.arch.data.model" value="64"/>
    <property name="user.variant" value=""/>
    <property name="java.vendor.url" value="https://adoptium.net/"/>
    <property name="user.timezone" value="Asia/Calcutta"/>
    <property name="org.jboss.logging.provider" value="slf4j"/>
    <property name="os.name" value="Windows 11"/>
    <property name="java.vm.specification.version" value="17"/>
    <property name="sun.java.launcher" value="SUN_STANDARD"/>
    <property name="user.country" value="IN"/>
    <property name="sun.boot.library.path" value="C:\Program Files\Eclipse Adoptium\jdk-17.0.16.8-hotspot\bin"/>
    <property name="sun.java.command" value="C:\Users\asus\AppData\Local\Temp\surefire9044564108508334522\surefirebooter-20251014163858121_3.jar C:\Users\asus\AppData\Local\Temp\surefire9044564108508334522 2025-10-14T16-38-57_844-jvmRun1 surefire-20251014163858121_1tmp surefire_0-20251014163858121_2tmp"/>
    <property name="jdk.debug" value="release"/>
    <property name="surefire.test.class.path" value="A:\ABHIYB\investment-portfolio-tracker\backend\investment-portfolio-tracker\target\test-classes;A:\ABHIYB\investment-portfolio-tracker\backend\investment-portfolio-tracker\target\classes;C:\Users\asus\.m2\repository\org\springframework\boot\spring-boot-starter-data-jpa\3.4.5\spring-boot-starter-data-jpa-3.4.5.jar;C:\Users\asus\.m2\repository\org\springframework\boot\spring-boot-starter\3.4.5\spring-boot-starter-3.4.5.jar;C:\Users\asus\.m2\repository\org\springframework\boot\spring-boot\3.4.5\spring-boot-3.4.5.jar;C:\Users\asus\.m2\repository\org\springframework\boot\spring-boot-autoconfigure\3.4.5\spring-boot-autoconfigure-3.4.5.jar;C:\Users\asus\.m2\repository\org\springframework\boot\spring-boot-starter-logging\3.4.5\spring-boot-starter-logging-3.4.5.jar;C:\Users\asus\.m2\repository\ch\qos\logback\logback-classic\1.5.18\logback-classic-1.5.18.jar;C:\Users\asus\.m2\repository\ch\qos\logback\logback-core\1.5.18\logback-core-1.5.18.jar;C:\Users\asus\.m2\repository\org\apache\logging\log4j\log4j-to-slf4j\2.24.3\log4j-to-slf4j-2.24.3.jar;C:\Users\asus\.m2\repository\org\apache\logging\log4j\log4j-api\2.24.3\log4j-api-2.24.3.jar;C:\Users\asus\.m2\repository\org\slf4j\jul-to-slf4j\2.0.17\jul-to-slf4j-2.0.17.jar;C:\Users\asus\.m2\repository\jakarta\annotation\jakarta.annotation-api\2.1.1\jakarta.annotation-api-2.1.1.jar;C:\Users\asus\.m2\repository\org\yaml\snakeyaml\2.3\snakeyaml-2.3.jar;C:\Users\asus\.m2\repository\org\springframework\boot\spring-boot-starter-jdbc\3.4.5\spring-boot-starter-jdbc-3.4.5.jar;C:\Users\asus\.m2\repository\com\zaxxer\HikariCP\5.1.0\HikariCP-5.1.0.jar;C:\Users\asus\.m2\repository\org\springframework\spring-jdbc\6.2.6\spring-jdbc-6.2.6.jar;C:\Users\asus\.m2\repository\org\hibernate\orm\hibernate-core\6.6.13.Final\hibernate-core-6.6.13.Final.jar;C:\Users\asus\.m2\repository\jakarta\persistence\jakarta.persistence-api\3.1.0\jakarta.persistence-api-3.1.0.jar;C:\Users\asus\.m2\repository\jakarta\transaction\jakarta.transaction-api\2.0.1\jakarta.transaction-api-2.0.1.jar;C:\Users\asus\.m2\repository\org\jboss\logging\jboss-logging\3.6.1.Final\jboss-logging-3.6.1.Final.jar;C:\Users\asus\.m2\repository\org\hibernate\common\hibernate-commons-annotations\7.0.3.Final\hibernate-commons-annotations-7.0.3.Final.jar;C:\Users\asus\.m2\repository\io\smallrye\jandex\3.2.0\jandex-3.2.0.jar;C:\Users\asus\.m2\repository\com\fasterxml\classmate\1.7.0\classmate-1.7.0.jar;C:\Users\asus\.m2\repository\net\bytebuddy\byte-buddy\1.15.11\byte-buddy-1.15.11.jar;C:\Users\asus\.m2\repository\org\glassfish\jaxb\jaxb-runtime\4.0.5\jaxb-runtime-4.0.5.jar;C:\Users\asus\.m2\repository\org\glassfish\jaxb\jaxb-core\4.0.5\jaxb-core-4.0.5.jar;C:\Users\asus\.m2\repository\org\eclipse\angus\angus-activation\2.0.2\angus-activation-2.0.2.jar;C:\Users\asus\.m2\repository\org\glassfish\jaxb\txw2\4.0.5\txw2-4.0.5.jar;C:\Users\asus\.m2\repository\com\sun\istack\istack-commons-runtime\4.1.2\istack-commons-runtime-4.1.2.jar;C:\Users\asus\.m2\repository\jakarta\inject\jakarta.inject-api\2.0.1\jakarta.inject-api-2.0.1.jar;C:\Users\asus\.m2\repository\org\antlr\antlr4-runtime\4.13.0\antlr4-runtime-4.13.0.jar;C:\Users\asus\.m2\repository\org\springframework\data\spring-data-jpa\3.4.5\spring-data-jpa-3.4.5.jar;C:\Users\asus\.m2\repository\org\springframework\data\spring-data-commons\3.4.5\spring-data-commons-3.4.5.jar;C:\Users\asus\.m2\repository\org\springframework\spring-orm\6.2.6\spring-orm-6.2.6.jar;C:\Users\asus\.m2\repository\org\springframework\spring-context\6.2.6\spring-context-6.2.6.jar;C:\Users\asus\.m2\repository\org\springframework\spring-tx\6.2.6\spring-tx-6.2.6.jar;C:\Users\asus\.m2\repository\org\springframework\spring-beans\6.2.6\spring-beans-6.2.6.jar;C:\Users\asus\.m2\repository\org\slf4j\slf4j-api\2.0.17\slf4j-api-2.0.17.jar;C:\Users\asus\.m2\repository\org\springframework\spring-aspects\6.2.6\spring-aspects-6.2.6.jar;C:\Users\asus\.m2\repository\org\aspectj\aspectjweaver\1.9.24\aspectjweaver-1.9.24.jar;C:\Users\asus\.m2\repository\org\springframework\boot\spring-boot-starter-web\3.4.5\spring-boot-starter-web-3.4.5.jar;C:\Users\asus\.m2\repository\org\springframework\boot\spring-boot-starter-json\3.4.5\spring-boot-starter-json-3.4.5.jar;C:\Users\asus\.m2\repository\com\fasterxml\jackson\datatype\jackson-datatype-jdk8\2.18.3\jackson-datatype-jdk8-2.18.3.jar;C:\Users\asus\.m2\repository\com\fasterxml\jackson\datatype\jackson-datatype-jsr310\2.18.3\jackson-datatype-jsr310-2.18.3.jar;C:\Users\asus\.m2\repository\com\fasterxml\jackson\module\jackson-module-parameter-names\2.18.3\jackson-module-parameter-names-2.18.3.jar;C:\Users\asus\.m2\repository\org\springframework\boot\spring-boot-starter-tomcat\3.4.5\spring-boot-starter-tomcat-3.4.5.jar;C:\Users\asus\.m2\repository\org\apache\tomcat\embed\tomcat-embed-core\10.1.40\tomcat-embed-core-10.1.40.jar;C:\Users\asus\.m2\repository\org\apache\tomcat\embed\tomcat-embed-websocket\10.1.40\tomcat-embed-websocket-10.1.40.jar;C:\Users\asus\.m2\repository\org\springframework\spring-web\6.2.6\spring-web-6.2.6.jar;C:\Users\asus\.m2\repository\io\micrometer\micrometer-observation\1.14.6\micrometer-observation-1.14.6.jar;C:\Users\asus\.m2\repository\io\micrometer\micrometer-commons\1.14.6\micrometer-commons-1.14.6.jar;C:\Users\asus\.m2\repository\org\springframework\spring-webmvc\6.2.6\spring-webmvc-6.2.6.jar;C:\Users\asus\.m2\repository\org\springframework\spring-expression\6.2.6\spring-expression-6.2.6.jar;C:\Users\asus\.m2\repository\org\springframework\boot\spring-boot-starter-validation\3.4.5\spring-boot-starter-validation-3.4.5.jar;C:\Users\asus\.m2\repository\org\apache\tomcat\embed\tomcat-embed-el\10.1.40\tomcat-embed-el-10.1.40.jar;C:\Users\asus\.m2\repository\org\hibernate\validator\hibernate-validator\8.0.2.Final\hibernate-validator-8.0.2.Final.jar;C:\Users\asus\.m2\repository\com\mysql\mysql-connector-j\9.1.0\mysql-connector-j-9.1.0.jar;C:\Users\asus\.m2\repository\org\projectlombok\lombok\1.18.38\lombok-1.18.38.jar;C:\Users\asus\.m2\repository\org\springframework\boot\spring-boot-starter-test\3.4.5\spring-boot-starter-test-3.4.5.jar;C:\Users\asus\.m2\repository\org\springframework\boot\spring-boot-test\3.4.5\spring-boot-test-3.4.5.jar;C:\Users\asus\.m2\repository\org\springframework\boot\spring-boot-test-autoconfigure\3.4.5\spring-boot-test-autoconfigure-3.4.5.jar;C:\Users\asus\.m2\repository\com\jayway\jsonpath\json-path\2.9.0\json-path-2.9.0.jar;C:\Users\asus\.m2\repository\jakarta\xml\bind\jakarta.xml.bind-api\4.0.2\jakarta.xml.bind-api-4.0.2.jar;C:\Users\asus\.m2\repository\jakarta\activation\jakarta.activation-api\2.1.3\jakarta.activation-api-2.1.3.jar;C:\Users\asus\.m2\repository\net\minidev\json-smart\2.5.2\json-smart-2.5.2.jar;C:\Users\asus\.m2\repository\net\minidev\accessors-smart\2.5.2\accessors-smart-2.5.2.jar;C:\Users\asus\.m2\repository\org\ow2\asm\asm\9.7.1\asm-9.7.1.jar;C:\Users\asus\.m2\repository\org\assertj\assertj-core\3.26.3\assertj-core-3.26.3.jar;C:\Users\asus\.m2\repository\org\awaitility\awaitility\4.2.2\awaitility-4.2.2.jar;C:\Users\asus\.m2\repository\org\hamcrest\hamcrest\2.2\hamcrest-2.2.jar;C:\Users\asus\.m2\repository\org\junit\jupiter\junit-jupiter\5.11.4\junit-jupiter-5.11.4.jar;C:\Users\asus\.m2\repository\org\junit\jupiter\junit-jupiter-params\5.11.4\junit-jupiter-params-5.11.4.jar;C:\Users\asus\.m2\repository\org\junit\jupiter\junit-jupiter-engine\5.11.4\junit-jupiter-engine-5.11.4.jar;C:\Users\asus\.m2\repository\org\junit\platform\junit-platform-engine\1.11.4\junit-platform-engine-1.11.4.jar;C:\Users\asus\.m2\repository\org\mockito\mockito-core\5.14.2\mockito-core-5.14.2.jar;C:\Users\asus\.m2\repository\net\bytebuddy\byte-buddy-agent\1.15.11\byte-buddy-agent-1.15.11.jar;C:\Users\asus\.m2\repository\org\objenesis\objenesis\3.3\objenesis-3.3.jar;C:\Users\asus\.m2\repository\org\mockito\mockito-junit-jupiter\5.14.2\mockito-junit-jupiter-5.14.2.jar;C:\Users\asus\.m2\repository\org\skyscreamer\jsonassert\1.5.3\jsonassert-1.5.3.jar;C:\Users\asus\.m2\repository\com\vaadin\external\google\android-json\0.0.20131108.vaadin1\android-json-0.0.20131108.vaadin1.jar;C:\Users\asus\.m2\repository\org\springframework\spring-core\6.2.6\spring-core-6.2.6.jar;C:\Users\asus\.m2\repository\org\springframework\spring-jcl\6.2.6\spring-jcl-6.2.6.jar;C:\Users\asus\.m2\repository\org\springframework\spring-test\6.2.6\spring-test-6.2.6.jar;C:\Users\asus\.m2\repository\org\xmlunit\xmlunit-core\2.10.0\xmlunit-core-2.10.0.jar;C:\Users\asus\.m2\repository\org\springframework\security\spring-security-test\6.4.5\spring-security-test-6.4.5.jar;C:\Users\asus\.m2\repository\org\springframework\security\spring-security-core\6.4.5\spring-security-core-6.4.5.jar;C:\Users\asus\.m2\repository\org\springframework\security\spring-security-crypto\6.4.5\spring-security-crypto-6.4.5.jar;C:\Users\asus\.m2\repository\org\springframework\security\spring-security-web\6.4.5\spring-security-web-6.4.5.jar;C:\Users\asus\.m2\repository\com\fasterxml\jackson\core\jackson-databind\2.18.3\jackson-databind-2.18.3.jar;C:\Users\asus\.m2\repository\com\fasterxml\jackson\core\jackson-annotations\2.18.3\jackson-annotations-2.18.3.jar;C:\Users\asus\.m2\repository\com\fasterxml\jackson\core\jackson-core\2.18.3\jackson-core-2.18.3.jar;C:\Users\asus\.m2\repository\org\junit\jupiter\junit-jupiter-api\5.11.4\junit-jupiter-api-5.11.4.jar;C:\Users\asus\.m2\repository\org\opentest4j\opentest4j\1.3.0\opentest4j-1.3.0.jar;C:\Users\asus\.m2\repository\org\junit\platform\junit-platform-commons\1.11.4\junit-platform-commons-1.11.4.jar;C:\Users\asus\.m2\repository\org\apiguardian\apiguardian-api\1.1.2\apiguardian-api-1.1.2.jar;C:\Users\asus\.m2\repository\org\springframework\boot\spring-boot-starter-security\3.4.5\spring-boot-starter-security-3.4.5.jar;C:\Users\asus\.m2\repository\org\springframework\spring-aop\6.2.6\spring-aop-6.2.6.jar;C:\Users\asus\.m2\repository\org\springframework\security\spring-security-config\6.4.5\spring-security-config-6.4.5.jar;C:\Users\asus\.m2\repository\org\modelmapper\modelmapper\3.1.1\modelmapper-3.1.1.jar;C:\Users\asus\.m2\repository\io\jsonwebtoken\jjwt-api\0.12.6\jjwt-api-0.12.6.jar;C:\Users\asus\.m2\repository\io\jsonwebtoken\jjwt-impl\0.12.6\jjwt-impl-0.12.6.jar;C:\Users\asus\.m2\repository\io\jsonwebtoken\jjwt-jackson\0.12.6\jjwt-jackson-0.12.6.jar;C:\Users\asus\.m2\repository\jakarta\validation\jakarta.validation-api\3.0.2\jakarta.validation-api-3.0.2.jar;C:\Users\asus\.m2\repository\com\h2database\h2\2.3.232\h2-2.3.232.jar;"/>
    <property name="sun.cpu.endian" value="little"/>
    <property name="user.home" value="C:\Users\asus"/>
    <property name="user.language" value="en"/>
    <property name="java.specification.vendor" value="Oracle Corporation"/>
    <property name="java.version.date" value="2025-07-15"/>
    <property name="java.home" value="C:\Program Files\Eclipse Adoptium\jdk-17.0.16.8-hotspot"/>
    <property name="file.separator" value="\"/>
    <property name="basedir" value="A:\ABHIYB\investment-portfolio-tracker\backend\investment-portfolio-tracker"/>
    <property name="java.vm.compressedOopsMode" value="Zero based"/>
    <property name="line.separator" value="&#10;"/>
    <property name="java.vm.specification.vendor" value="Oracle Corporation"/>
    <property name="java.specification.name" value="Java Platform API Specification"/>
    <property name="FILE_LOG_CHARSET" value="windows-1252"/>
    <property name="java.awt.headless" value="true"/>
    <property name="surefire.real.class.path" value="C:\Users\asus\AppData\Local\Temp\surefire9044564108508334522\surefirebooter-20251014163858121_3.jar"/>
    <property name="user.script" value=""/>
    <property name="sun.management.compiler" value="HotSpot 64-Bit Tiered Compilers"/>
    <property name="java.runtime.version" value="17.0.16+8"/>
    <property name="user.name" value="asus"/>
    <property name="path.separator" value=";"/>
    <property name="os.version" value="10.0"/>
    <property name="java.runtime.name" value="OpenJDK Runtime Environment"/>
    <property name="file.encoding" value="Cp1252"/>
    <property name="java.vm.name" value="OpenJDK 64-Bit Server VM"/>
    <property name="java.vendor.version" value="Temurin-17.0.16+8"/>
    <property name="localRepository" value="C:\Users\asus\.m2\repository"/>
    <property name="java.vendor.url.bug" value="https://github.com/adoptium/adoptium-support/issues"/>
    <property name="java.io.tmpdir" value="C:\Users\asus\AppData\Local\Temp\"/>
    <property name="com.zaxxer.hikari.pool_number" value="1"/>
    <property name="java.version" value="17.0.16"/>
    <property name="user.dir" value="A:\ABHIYB\investment-portfolio-tracker\backend\investment-portfolio-tracker"/>
    <property name="os.arch" value="amd64"/>
    <property name="java.vm.specification.name" value="Java Virtual Machine Specification"/>
    <property name="PID" value="24180"/>
    <property name="sun.os.patch.level" value=""/>
    <property name="CONSOLE_LOG_CHARSET" value="windows-1252"/>
    <property name="native.encoding" value="Cp1252"/>
    <property name="java.library.path" value="C:\Program Files\Eclipse Adoptium\jdk-17.0.16.8-hotspot\bin;C:\WINDOWS\Sun\Java\bin;C:\WINDOWS\system32;C:\WINDOWS;C:\Program Files\Eclipse Adoptium\jdk-17.0.16.8-hotspot\bin;C:\WINDOWS\system32;C:\WINDOWS;C:\WINDOWS\System32\Wbem;C:\WINDOWS\System32\WindowsPowerShell\v1.0\;C:\WINDOWS\System32\OpenSSH\;C:\Program Files\Git\cmd;C:\Users\asus\Downloads\opencv\build\x64\vc16\bin;C:\Program Files\dotnet\;C:\ngrok;C:\Program Files\nodejs\;C:\ProgramData\chocolatey\bin;C:\Program Files\apache-maven-3.9.11\bin;C:\Program Files\MySQL\MySQL Shell 8.0\bin\;C:\Users\asus\AppData\Local\Programs\Python\Python312\Scripts\;C:\Users\asus\AppData\Local\Programs\Python\Python312\;C:\Users\asus\AppData\Local\Programs\Python\Launcher\;C:\Users\asus\AppData\Local\Microsoft\WindowsApps;A:\Microsoft VS Code\bin;C:\flutter\bin;C:\Users\asus\AppData\Local\Android\Sdk\platform-tools;C:\Program Files\MongoDB\Server\7.0\bin;C:\MinGW\bin;C:\Users\asus\AppData\Local\GitHubDesktop\bin;C:\Users\asus\Downloads\opencv\build\x64\vc16\bin;C:\Program Files\JetBrains\IntelliJ IDEA 2025.2\bin;C:\maven-mvnd-1.0.2-windows-amd64\bin;C:\Users\asus\.dotnet\tools;C:\Users\asus\AppData\Roaming\npm;c:\Users\asus\AppData\Roaming\Code\User\globalStorage\github.copilot-chat\debugCommand;."/>
    <property name="java.vm.info" value="mixed mode, sharing"/>
    <property name="java.vendor" value="Eclipse Adoptium"/>
    <property name="java.vm.version" value="17.0.16+8"/>
    <property name="java.specification.maintenance.version" value="1"/>
    <property name="sun.io.unicode.encoding" value="UnicodeLittle"/>
    <property name="java.class.version" value="61.0"/>
  </properties>
  <testcase name="testGetInvestmentTypes" classname="com.zeta_horizon.investment_portfolio_tracker.service.implementation.InvestmentProductServiceImplTest" time="0.019">
    <system-out><![CDATA[2025-10-14T16:39:15.675+05:30  INFO 24180 --- [           main] c.z.i.s.i.InvestmentProductServiceImpl   : Initializing InvestmentProductServiceImpl
2025-10-14T16:39:15.676+05:30  INFO 24180 --- [           main] c.z.i.s.i.InvestmentProductServiceImpl   : InvestmentProductServiceImpl initialized successfully
2025-10-14T16:39:15.678+05:30  INFO 24180 --- [           main] c.z.i.s.i.InvestmentProductServiceImpl   : Successfully retrieved 9 investment types
]]></system-out>
  </testcase>
  <testcase name="testGetAllActiveProducts" classname="com.zeta_horizon.investment_portfolio_tracker.service.implementation.InvestmentProductServiceImplTest" time="0.036">
    <system-out><![CDATA[2025-10-14T16:39:15.695+05:30  INFO 24180 --- [           main] c.z.i.s.i.InvestmentProductServiceImpl   : Initializing InvestmentProductServiceImpl
2025-10-14T16:39:15.695+05:30  INFO 24180 --- [           main] c.z.i.s.i.InvestmentProductServiceImpl   : InvestmentProductServiceImpl initialized successfully
2025-10-14T16:39:15.696+05:30  INFO 24180 --- [           main] c.z.i.s.i.InvestmentProductServiceImpl   : Fetching all active investment products
2025-10-14T16:39:15.728+05:30  INFO 24180 --- [           main] c.z.i.s.i.InvestmentProductServiceImpl   : Successfully retrieved 2 active products
]]></system-out>
  </testcase>
  <testcase name="testCreateProduct" classname="com.zeta_horizon.investment_portfolio_tracker.service.implementation.InvestmentProductServiceImplTest" time="0.035">
    <system-out><![CDATA[2025-10-14T16:39:15.732+05:30  INFO 24180 --- [           main] c.z.i.s.i.InvestmentProductServiceImpl   : Initializing InvestmentProductServiceImpl
2025-10-14T16:39:15.732+05:30  INFO 24180 --- [           main] c.z.i.s.i.InvestmentProductServiceImpl   : InvestmentProductServiceImpl initialized successfully
2025-10-14T16:39:15.733+05:30  INFO 24180 --- [           main] c.z.i.s.i.InvestmentProductServiceImpl   : Creating new investment product: Test Mutual Fund
2025-10-14T16:39:15.738+05:30  INFO 24180 --- [           main] c.z.i.s.i.InvestmentProductServiceImpl   : Investment product created with id: 1
]]></system-out>
  </testcase>
  <testcase name="testFilterProducts_WithCriteria" classname="com.zeta_horizon.investment_portfolio_tracker.service.implementation.InvestmentProductServiceImplTest" time="0.016">
    <system-out><![CDATA[2025-10-14T16:39:15.767+05:30  INFO 24180 --- [           main] c.z.i.s.i.InvestmentProductServiceImpl   : Initializing InvestmentProductServiceImpl
2025-10-14T16:39:15.768+05:30  INFO 24180 --- [           main] c.z.i.s.i.InvestmentProductServiceImpl   : InvestmentProductServiceImpl initialized successfully
2025-10-14T16:39:15.770+05:30  INFO 24180 --- [           main] c.z.i.s.i.InvestmentProductServiceImpl   : Filtering investment products with criteria: search='null', type=MUTUAL_FUND, risk=MEDIUM, maxAmount=5000
2025-10-14T16:39:15.780+05:30  INFO 24180 --- [           main] c.z.i.s.i.InvestmentProductServiceImpl   : Successfully filtered products, returning 1 results
]]></system-out>
  </testcase>
  <testcase name="testGetProductById_NotFound" classname="com.zeta_horizon.investment_portfolio_tracker.service.implementation.InvestmentProductServiceImplTest" time="0.008">
    <system-out><![CDATA[2025-10-14T16:39:15.783+05:30  INFO 24180 --- [           main] c.z.i.s.i.InvestmentProductServiceImpl   : Initializing InvestmentProductServiceImpl
2025-10-14T16:39:15.783+05:30  INFO 24180 --- [           main] c.z.i.s.i.InvestmentProductServiceImpl   : InvestmentProductServiceImpl initialized successfully
2025-10-14T16:39:15.785+05:30  INFO 24180 --- [           main] c.z.i.s.i.InvestmentProductServiceImpl   : Fetching investment product with id: 999
2025-10-14T16:39:15.786+05:30  WARN 24180 --- [           main] c.z.i.s.i.InvestmentProductServiceImpl   : Investment product not found or inactive with id: 999
2025-10-14T16:39:15.787+05:30 ERROR 24180 --- [           main] c.z.i.s.i.InvestmentProductServiceImpl   : Product not found with id: 999
]]></system-out>
  </testcase>
  <testcase name="testUpdateProduct" classname="com.zeta_horizon.investment_portfolio_tracker.service.implementation.InvestmentProductServiceImplTest" time="0.011">
    <system-out><![CDATA[2025-10-14T16:39:15.792+05:30  INFO 24180 --- [           main] c.z.i.s.i.InvestmentProductServiceImpl   : Initializing InvestmentProductServiceImpl
2025-10-14T16:39:15.792+05:30  INFO 24180 --- [           main] c.z.i.s.i.InvestmentProductServiceImpl   : InvestmentProductServiceImpl initialized successfully
2025-10-14T16:39:15.794+05:30  INFO 24180 --- [           main] c.z.i.s.i.InvestmentProductServiceImpl   : Updating investment product with id: 1
2025-10-14T16:39:15.800+05:30  INFO 24180 --- [           main] c.z.i.s.i.InvestmentProductServiceImpl   : Successfully updated product with id: 1 
]]></system-out>
  </testcase>
  <testcase name="testFilterProducts_WithSearchTerm" classname="com.zeta_horizon.investment_portfolio_tracker.service.implementation.InvestmentProductServiceImplTest" time="0.007">
    <system-out><![CDATA[2025-10-14T16:39:15.804+05:30  INFO 24180 --- [           main] c.z.i.s.i.InvestmentProductServiceImpl   : Initializing InvestmentProductServiceImpl
2025-10-14T16:39:15.804+05:30  INFO 24180 --- [           main] c.z.i.s.i.InvestmentProductServiceImpl   : InvestmentProductServiceImpl initialized successfully
2025-10-14T16:39:15.805+05:30  INFO 24180 --- [           main] c.z.i.s.i.InvestmentProductServiceImpl   : Filtering investment products with criteria: search='mutual', type=MUTUAL_FUND, risk=MEDIUM, maxAmount=5000
2025-10-14T16:39:15.807+05:30  INFO 24180 --- [           main] c.z.i.s.i.InvestmentProductServiceImpl   : Successfully filtered products, returning 1 results
]]></system-out>
  </testcase>
  <testcase name="testUpdateProduct_NotFound" classname="com.zeta_horizon.investment_portfolio_tracker.service.implementation.InvestmentProductServiceImplTest" time="0.006">
    <system-out><![CDATA[2025-10-14T16:39:15.811+05:30  INFO 24180 --- [           main] c.z.i.s.i.InvestmentProductServiceImpl   : Initializing InvestmentProductServiceImpl
2025-10-14T16:39:15.812+05:30  INFO 24180 --- [           main] c.z.i.s.i.InvestmentProductServiceImpl   : InvestmentProductServiceImpl initialized successfully
2025-10-14T16:39:15.814+05:30  INFO 24180 --- [           main] c.z.i.s.i.InvestmentProductServiceImpl   : Updating investment product with id: 999
2025-10-14T16:39:15.815+05:30  WARN 24180 --- [           main] c.z.i.s.i.InvestmentProductServiceImpl   : Product not found for update with id: 999
2025-10-14T16:39:15.815+05:30 ERROR 24180 --- [           main] c.z.i.s.i.InvestmentProductServiceImpl   : Product not found for update with id: 999
]]></system-out>
  </testcase>
  <testcase name="testGetProductById" classname="com.zeta_horizon.investment_portfolio_tracker.service.implementation.InvestmentProductServiceImplTest" time="0.005">
    <system-out><![CDATA[2025-10-14T16:39:15.818+05:30  INFO 24180 --- [           main] c.z.i.s.i.InvestmentProductServiceImpl   : Initializing InvestmentProductServiceImpl
2025-10-14T16:39:15.819+05:30  INFO 24180 --- [           main] c.z.i.s.i.InvestmentProductServiceImpl   : InvestmentProductServiceImpl initialized successfully
2025-10-14T16:39:15.820+05:30  INFO 24180 --- [           main] c.z.i.s.i.InvestmentProductServiceImpl   : Fetching investment product with id: 1
2025-10-14T16:39:15.821+05:30  INFO 24180 --- [           main] c.z.i.s.i.InvestmentProductServiceImpl   : Successfully retrieved product with id: 1
]]></system-out>
  </testcase>
  <testcase name="testGetProductsByType" classname="com.zeta_horizon.investment_portfolio_tracker.service.implementation.InvestmentProductServiceImplTest" time="0.013">
    <system-out><![CDATA[2025-10-14T16:39:15.824+05:30  INFO 24180 --- [           main] c.z.i.s.i.InvestmentProductServiceImpl   : Initializing InvestmentProductServiceImpl
2025-10-14T16:39:15.824+05:30  INFO 24180 --- [           main] c.z.i.s.i.InvestmentProductServiceImpl   : InvestmentProductServiceImpl initialized successfully
2025-10-14T16:39:15.825+05:30  INFO 24180 --- [           main] c.z.i.s.i.InvestmentProductServiceImpl   : Fetching investment products with type: MUTUAL_FUND
2025-10-14T16:39:15.833+05:30  INFO 24180 --- [           main] c.z.i.s.i.InvestmentProductServiceImpl   : Successfully retrieved 1 products with type MUTUAL_FUND 
]]></system-out>
  </testcase>
  <testcase name="testDeleteProduct_AlreadyInactive" classname="com.zeta_horizon.investment_portfolio_tracker.service.implementation.InvestmentProductServiceImplTest" time="0.005">
    <system-out><![CDATA[2025-10-14T16:39:15.839+05:30  INFO 24180 --- [           main] c.z.i.s.i.InvestmentProductServiceImpl   : Initializing InvestmentProductServiceImpl
2025-10-14T16:39:15.839+05:30  INFO 24180 --- [           main] c.z.i.s.i.InvestmentProductServiceImpl   : InvestmentProductServiceImpl initialized successfully
2025-10-14T16:39:15.840+05:30  INFO 24180 --- [           main] c.z.i.s.i.InvestmentProductServiceImpl   : Soft deleting investment product with id: 1
2025-10-14T16:39:15.841+05:30  WARN 24180 --- [           main] c.z.i.s.i.InvestmentProductServiceImpl   : Attempted to delete already inactive product with id: 1
]]></system-out>
  </testcase>
  <testcase name="testGetAllActiveProducts_EmptyList" classname="com.zeta_horizon.investment_portfolio_tracker.service.implementation.InvestmentProductServiceImplTest" time="0.004">
    <system-out><![CDATA[2025-10-14T16:39:15.844+05:30  INFO 24180 --- [           main] c.z.i.s.i.InvestmentProductServiceImpl   : Initializing InvestmentProductServiceImpl
2025-10-14T16:39:15.845+05:30  INFO 24180 --- [           main] c.z.i.s.i.InvestmentProductServiceImpl   : InvestmentProductServiceImpl initialized successfully
2025-10-14T16:39:15.846+05:30  INFO 24180 --- [           main] c.z.i.s.i.InvestmentProductServiceImpl   : Fetching all active investment products
2025-10-14T16:39:15.846+05:30  INFO 24180 --- [           main] c.z.i.s.i.InvestmentProductServiceImpl   : Successfully retrieved 0 active products
]]></system-out>
  </testcase>
  <testcase name="testDeleteProduct" classname="com.zeta_horizon.investment_portfolio_tracker.service.implementation.InvestmentProductServiceImplTest" time="0.005">
    <system-out><![CDATA[2025-10-14T16:39:15.849+05:30  INFO 24180 --- [           main] c.z.i.s.i.InvestmentProductServiceImpl   : Initializing InvestmentProductServiceImpl
2025-10-14T16:39:15.849+05:30  INFO 24180 --- [           main] c.z.i.s.i.InvestmentProductServiceImpl   : InvestmentProductServiceImpl initialized successfully
2025-10-14T16:39:15.850+05:30  INFO 24180 --- [           main] c.z.i.s.i.InvestmentProductServiceImpl   : Soft deleting investment product with id: 1
2025-10-14T16:39:15.851+05:30  INFO 24180 --- [           main] c.z.i.s.i.InvestmentProductServiceImpl   : Successfully soft deleted product 'Test Mutual Fund' with id: 1
]]></system-out>
  </testcase>
  <testcase name="testGetProductsByRiskLevel" classname="com.zeta_horizon.investment_portfolio_tracker.service.implementation.InvestmentProductServiceImplTest" time="0.008">
    <system-out><![CDATA[2025-10-14T16:39:15.855+05:30  INFO 24180 --- [           main] c.z.i.s.i.InvestmentProductServiceImpl   : Initializing InvestmentProductServiceImpl
2025-10-14T16:39:15.856+05:30  INFO 24180 --- [           main] c.z.i.s.i.InvestmentProductServiceImpl   : InvestmentProductServiceImpl initialized successfully
2025-10-14T16:39:15.857+05:30  INFO 24180 --- [           main] c.z.i.s.i.InvestmentProductServiceImpl   : Fetching investment products with risk level: MEDIUM
2025-10-14T16:39:15.860+05:30  INFO 24180 --- [           main] c.z.i.s.i.InvestmentProductServiceImpl   : Successfully retrieved 1 products with risk level MEDIUM
]]></system-out>
  </testcase>
  <testcase name="testGetAllProducts" classname="com.zeta_horizon.investment_portfolio_tracker.service.implementation.InvestmentProductServiceImplTest" time="0.008">
    <system-out><![CDATA[2025-10-14T16:39:15.865+05:30  INFO 24180 --- [           main] c.z.i.s.i.InvestmentProductServiceImpl   : Initializing InvestmentProductServiceImpl
2025-10-14T16:39:15.865+05:30  INFO 24180 --- [           main] c.z.i.s.i.InvestmentProductServiceImpl   : InvestmentProductServiceImpl initialized successfully
2025-10-14T16:39:15.866+05:30  INFO 24180 --- [           main] c.z.i.s.i.InvestmentProductServiceImpl   : Fetching all investment products (including inactive)
2025-10-14T16:39:15.868+05:30  INFO 24180 --- [           main] c.z.i.s.i.InvestmentProductServiceImpl   : Successfully retrieved 1 total products
]]></system-out>
  </testcase>
  <testcase name="testGetProductById_InvalidId" classname="com.zeta_horizon.investment_portfolio_tracker.service.implementation.InvestmentProductServiceImplTest" time="0.009">
    <system-out><![CDATA[2025-10-14T16:39:15.873+05:30  INFO 24180 --- [           main] c.z.i.s.i.InvestmentProductServiceImpl   : Initializing InvestmentProductServiceImpl
2025-10-14T16:39:15.874+05:30  INFO 24180 --- [           main] c.z.i.s.i.InvestmentProductServiceImpl   : InvestmentProductServiceImpl initialized successfully
2025-10-14T16:39:15.876+05:30  INFO 24180 --- [           main] c.z.i.s.i.InvestmentProductServiceImpl   : Fetching investment product with id: null
2025-10-14T16:39:15.877+05:30  WARN 24180 --- [           main] c.z.i.s.i.InvestmentProductServiceImpl   : Invalid product ID provided: null
2025-10-14T16:39:15.877+05:30  INFO 24180 --- [           main] c.z.i.s.i.InvestmentProductServiceImpl   : Fetching investment product with id: 0
2025-10-14T16:39:15.878+05:30  WARN 24180 --- [           main] c.z.i.s.i.InvestmentProductServiceImpl   : Invalid product ID provided: 0
2025-10-14T16:39:15.879+05:30  INFO 24180 --- [           main] c.z.i.s.i.InvestmentProductServiceImpl   : Fetching investment product with id: -1
2025-10-14T16:39:15.879+05:30  WARN 24180 --- [           main] c.z.i.s.i.InvestmentProductServiceImpl   : Invalid product ID provided: -1
]]></system-out>
  </testcase>
</testsuite>